<?xml version="1.0" encoding="UTF-8"?>
<!-- Generated by org.testng.reporters.JUnitXMLReporter -->
<testsuite hostname="BG4WS0628" name="Test" tests="2" failures="1" timestamp="2 Jul 2018 07:02:44 GMT" time="71.919" errors="0">
  <testcase name="TC_01" time="42.135" classname="drivers.Demo">
    <failure type="org.openqa.selenium.NoSuchElementException" message="By.xpath: //span[contains(text(),&amp;apos;The account name RAAPID already exists.&amp;apos;)]  - element NOT found...
For documentation on this error, please visit: http://seleniumhq.org/exceptions/no_such_element.html
Build info: version: &amp;apos;2.44.0&amp;apos;, revision: &amp;apos;76d78cf&amp;apos;, time: &amp;apos;2014-10-23 20:02:37&amp;apos;
System info: host: &amp;apos;BG4WS0628&amp;apos;, ip: &amp;apos;172.29.79.59&amp;apos;, os.name: &amp;apos;Windows 7&amp;apos;, os.arch: &amp;apos;amd64&amp;apos;, os.version: &amp;apos;6.1&amp;apos;, java.version: &amp;apos;1.8.0_151&amp;apos;
Driver info: driver.version: unknown">
      <![CDATA[org.openqa.selenium.NoSuchElementException: By.xpath: //span[contains(text(),'The account name RAAPID already exists.')]  - element NOT found...
For documentation on this error, please visit: http://seleniumhq.org/exceptions/no_such_element.html
Build info: version: '2.44.0', revision: '76d78cf', time: '2014-10-23 20:02:37'
System info: host: 'BG4WS0628', ip: '172.29.79.59', os.name: 'Windows 7', os.arch: 'amd64', os.version: '6.1', java.version: '1.8.0_151'
Driver info: driver.version: unknown
	at test.webdriver.SonnetAction.getAttribute(SonnetAction.java:528)
	at pom.Organization.AccountValidation(Organization.java:44)
	at drivers.Demo.TC_01(Demo.java:64)
... Removed 23 stack frames]]>
    </failure>
  </testcase> <!-- TC_01 -->
  <testcase name="TC_02" time="17.812" classname="drivers.Demo"/>
</testsuite> <!-- Test -->
